<?xml version="1.0" encoding="UTF-8"?>
<testsuite xmlns:xsi="http://www.w3.org/2001/XMLSchema-instance" xsi:noNamespaceSchemaLocation="https://maven.apache.org/surefire/maven-surefire-plugin/xsd/surefire-test-report.xsd" version="3.0.2" name="testrunners.TestNGTestRunner" time="0.407" tests="1" errors="0" skipped="0" failures="1">
  <properties>
    <property name="java.specification.version" value="21"/>
    <property name="sun.cpu.isalist" value="amd64"/>
    <property name="sun.jnu.encoding" value="Cp1252"/>
    <property name="java.class.path" value="C:\Selenium\GameTwist_UIAutomation\target\test-classes;C:\Selenium\GameTwist_UIAutomation\target\classes;C:\Users\91951\.m2\repository\org\seleniumhq\selenium\selenium-java\4.28.1\selenium-java-4.28.1.jar;C:\Users\91951\.m2\repository\org\seleniumhq\selenium\selenium-api\4.28.1\selenium-api-4.28.1.jar;C:\Users\91951\.m2\repository\org\jspecify\jspecify\1.0.0\jspecify-1.0.0.jar;C:\Users\91951\.m2\repository\org\seleniumhq\selenium\selenium-chrome-driver\4.28.1\selenium-chrome-driver-4.28.1.jar;C:\Users\91951\.m2\repository\com\google\auto\service\auto-service-annotations\1.1.1\auto-service-annotations-1.1.1.jar;C:\Users\91951\.m2\repository\org\seleniumhq\selenium\selenium-chromium-driver\4.28.1\selenium-chromium-driver-4.28.1.jar;C:\Users\91951\.m2\repository\org\seleniumhq\selenium\selenium-json\4.28.1\selenium-json-4.28.1.jar;C:\Users\91951\.m2\repository\org\seleniumhq\selenium\selenium-manager\4.28.1\selenium-manager-4.28.1.jar;C:\Users\91951\.m2\repository\org\seleniumhq\selenium\selenium-devtools-v130\4.28.1\selenium-devtools-v130-4.28.1.jar;C:\Users\91951\.m2\repository\org\seleniumhq\selenium\selenium-devtools-v131\4.28.1\selenium-devtools-v131-4.28.1.jar;C:\Users\91951\.m2\repository\org\seleniumhq\selenium\selenium-devtools-v132\4.28.1\selenium-devtools-v132-4.28.1.jar;C:\Users\91951\.m2\repository\org\seleniumhq\selenium\selenium-devtools-v85\4.28.1\selenium-devtools-v85-4.28.1.jar;C:\Users\91951\.m2\repository\org\seleniumhq\selenium\selenium-edge-driver\4.28.1\selenium-edge-driver-4.28.1.jar;C:\Users\91951\.m2\repository\org\seleniumhq\selenium\selenium-firefox-driver\4.28.1\selenium-firefox-driver-4.28.1.jar;C:\Users\91951\.m2\repository\org\seleniumhq\selenium\selenium-http\4.28.1\selenium-http-4.28.1.jar;C:\Users\91951\.m2\repository\org\seleniumhq\selenium\selenium-ie-driver\4.28.1\selenium-ie-driver-4.28.1.jar;C:\Users\91951\.m2\repository\org\seleniumhq\selenium\selenium-remote-driver\4.28.1\selenium-remote-driver-4.28.1.jar;C:\Users\91951\.m2\repository\com\google\guava\guava\33.4.0-jre\guava-33.4.0-jre.jar;C:\Users\91951\.m2\repository\com\google\guava\failureaccess\1.0.2\failureaccess-1.0.2.jar;C:\Users\91951\.m2\repository\com\google\guava\listenablefuture\9999.0-empty-to-avoid-conflict-with-guava\listenablefuture-9999.0-empty-to-avoid-conflict-with-guava.jar;C:\Users\91951\.m2\repository\com\google\code\findbugs\jsr305\3.0.2\jsr305-3.0.2.jar;C:\Users\91951\.m2\repository\org\checkerframework\checker-qual\3.43.0\checker-qual-3.43.0.jar;C:\Users\91951\.m2\repository\com\google\errorprone\error_prone_annotations\2.36.0\error_prone_annotations-2.36.0.jar;C:\Users\91951\.m2\repository\com\google\j2objc\j2objc-annotations\3.0.0\j2objc-annotations-3.0.0.jar;C:\Users\91951\.m2\repository\io\opentelemetry\semconv\opentelemetry-semconv\1.28.0-alpha\opentelemetry-semconv-1.28.0-alpha.jar;C:\Users\91951\.m2\repository\io\opentelemetry\opentelemetry-api\1.46.0\opentelemetry-api-1.46.0.jar;C:\Users\91951\.m2\repository\io\opentelemetry\opentelemetry-context\1.46.0\opentelemetry-context-1.46.0.jar;C:\Users\91951\.m2\repository\io\opentelemetry\opentelemetry-exporter-logging\1.46.0\opentelemetry-exporter-logging-1.46.0.jar;C:\Users\91951\.m2\repository\io\opentelemetry\opentelemetry-sdk-common\1.46.0\opentelemetry-sdk-common-1.46.0.jar;C:\Users\91951\.m2\repository\io\opentelemetry\opentelemetry-sdk-extension-autoconfigure-spi\1.46.0\opentelemetry-sdk-extension-autoconfigure-spi-1.46.0.jar;C:\Users\91951\.m2\repository\io\opentelemetry\opentelemetry-sdk-extension-autoconfigure\1.46.0\opentelemetry-sdk-extension-autoconfigure-1.46.0.jar;C:\Users\91951\.m2\repository\io\opentelemetry\opentelemetry-api-incubator\1.46.0-alpha\opentelemetry-api-incubator-1.46.0-alpha.jar;C:\Users\91951\.m2\repository\io\opentelemetry\opentelemetry-sdk-trace\1.46.0\opentelemetry-sdk-trace-1.46.0.jar;C:\Users\91951\.m2\repository\io\opentelemetry\opentelemetry-sdk\1.46.0\opentelemetry-sdk-1.46.0.jar;C:\Users\91951\.m2\repository\io\opentelemetry\opentelemetry-sdk-metrics\1.46.0\opentelemetry-sdk-metrics-1.46.0.jar;C:\Users\91951\.m2\repository\io\opentelemetry\opentelemetry-sdk-logs\1.46.0\opentelemetry-sdk-logs-1.46.0.jar;C:\Users\91951\.m2\repository\net\bytebuddy\byte-buddy\1.15.11\byte-buddy-1.15.11.jar;C:\Users\91951\.m2\repository\org\seleniumhq\selenium\selenium-os\4.28.1\selenium-os-4.28.1.jar;C:\Users\91951\.m2\repository\org\apache\commons\commons-exec\1.4.0\commons-exec-1.4.0.jar;C:\Users\91951\.m2\repository\org\seleniumhq\selenium\selenium-safari-driver\4.28.1\selenium-safari-driver-4.28.1.jar;C:\Users\91951\.m2\repository\org\seleniumhq\selenium\selenium-support\4.28.1\selenium-support-4.28.1.jar;C:\Users\91951\.m2\repository\io\cucumber\cucumber-java\7.0.0\cucumber-java-7.0.0.jar;C:\Users\91951\.m2\repository\io\cucumber\cucumber-core\7.0.0\cucumber-core-7.0.0.jar;C:\Users\91951\.m2\repository\io\cucumber\cucumber-gherkin\7.0.0\cucumber-gherkin-7.0.0.jar;C:\Users\91951\.m2\repository\io\cucumber\cucumber-gherkin-messages\7.0.0\cucumber-gherkin-messages-7.0.0.jar;C:\Users\91951\.m2\repository\io\cucumber\messages\17.1.1\messages-17.1.1.jar;C:\Users\91951\.m2\repository\io\cucumber\tag-expressions\4.0.2\tag-expressions-4.0.2.jar;C:\Users\91951\.m2\repository\io\cucumber\cucumber-expressions\13.0.1\cucumber-expressions-13.0.1.jar;C:\Users\91951\.m2\repository\io\cucumber\datatable\7.0.0\datatable-7.0.0.jar;C:\Users\91951\.m2\repository\io\cucumber\cucumber-plugin\7.0.0\cucumber-plugin-7.0.0.jar;C:\Users\91951\.m2\repository\io\cucumber\docstring\7.0.0\docstring-7.0.0.jar;C:\Users\91951\.m2\repository\io\cucumber\html-formatter\17.0.0\html-formatter-17.0.0.jar;C:\Users\91951\.m2\repository\io\cucumber\create-meta\6.0.1\create-meta-6.0.1.jar;C:\Users\91951\.m2\repository\org\apiguardian\apiguardian-api\1.1.2\apiguardian-api-1.1.2.jar;C:\Users\91951\.m2\repository\io\cucumber\cucumber-testng\7.0.0\cucumber-testng-7.0.0.jar;C:\Users\91951\.m2\repository\org\testng\testng\7.4.0\testng-7.4.0.jar;C:\Users\91951\.m2\repository\com\beust\jcommander\1.78\jcommander-1.78.jar;C:\Users\91951\.m2\repository\org\webjars\jquery\3.5.1\jquery-3.5.1.jar;C:\Users\91951\.m2\repository\tech\grasshopper\extentreports-cucumber6-adapter\2.8.0\extentreports-cucumber6-adapter-2.8.0.jar;C:\Users\91951\.m2\repository\com\aventstack\extentreports\5.0.6\extentreports-5.0.6.jar;C:\Users\91951\.m2\repository\io\reactivex\rxjava3\rxjava\3.0.4\rxjava-3.0.4.jar;C:\Users\91951\.m2\repository\org\reactivestreams\reactive-streams\1.0.3\reactive-streams-1.0.3.jar;C:\Users\91951\.m2\repository\org\freemarker\freemarker\2.3.30\freemarker-2.3.30.jar;C:\Users\91951\.m2\repository\org\projectlombok\lombok\1.18.12\lombok-1.18.12.jar;C:\Users\91951\.m2\repository\com\google\code\gson\gson\2.8.6\gson-2.8.6.jar;C:\Users\91951\.m2\repository\tech\grasshopper\extent-pdf-report\1.7.0\extent-pdf-report-1.7.0.jar;C:\Users\91951\.m2\repository\tech\grasshopper\cucumber-pdf-report\2.2.0\cucumber-pdf-report-2.2.0.jar;C:\Users\91951\.m2\repository\org\apache\pdfbox\pdfbox\2.0.22\pdfbox-2.0.22.jar;C:\Users\91951\.m2\repository\org\apache\pdfbox\fontbox\2.0.22\fontbox-2.0.22.jar;C:\Users\91951\.m2\repository\org\knowm\xchart\xchart\3.8.0\xchart-3.8.0.jar;C:\Users\91951\.m2\repository\de\erichseifert\vectorgraphics2d\VectorGraphics2D\0.13\VectorGraphics2D-0.13.jar;C:\Users\91951\.m2\repository\de\rototor\pdfbox\graphics2d\0.30\graphics2d-0.30.jar;C:\Users\91951\.m2\repository\com\madgag\animated-gif-lib\1.4\animated-gif-lib-1.4.jar;C:\Users\91951\.m2\repository\org\yaml\snakeyaml\1.28\snakeyaml-1.28.jar;C:\Users\91951\.m2\repository\tech\grasshopper\table-layout\1.2.0\table-layout-1.2.0.jar;C:\Users\91951\.m2\repository\org\jsoup\jsoup\1.13.1\jsoup-1.13.1.jar;C:\Users\91951\.m2\repository\com\aventstack\klov-reporter\5.0.6\klov-reporter-5.0.6.jar;C:\Users\91951\.m2\repository\org\mongodb\bson\3.6.4\bson-3.6.4.jar;C:\Users\91951\.m2\repository\org\apache\httpcomponents\httpclient\4.5.2\httpclient-4.5.2.jar;C:\Users\91951\.m2\repository\org\apache\httpcomponents\httpcore\4.4.4\httpcore-4.4.4.jar;C:\Users\91951\.m2\repository\commons-logging\commons-logging\1.2\commons-logging-1.2.jar;C:\Users\91951\.m2\repository\commons-codec\commons-codec\1.9\commons-codec-1.9.jar;C:\Users\91951\.m2\repository\org\apache\httpcomponents\httpmime\4.5.2\httpmime-4.5.2.jar;C:\Users\91951\.m2\repository\org\mongodb\mongodb-driver\3.3.0\mongodb-driver-3.3.0.jar;C:\Users\91951\.m2\repository\org\mongodb\mongodb-driver-core\3.3.0\mongodb-driver-core-3.3.0.jar;C:\Users\91951\.m2\repository\io\cucumber\cucumber-picocontainer\7.0.0\cucumber-picocontainer-7.0.0.jar;C:\Users\91951\.m2\repository\org\picocontainer\picocontainer\2.15\picocontainer-2.15.jar;"/>
    <property name="java.vm.vendor" value="Oracle Corporation"/>
    <property name="sun.arch.data.model" value="64"/>
    <property name="user.variant" value=""/>
    <property name="java.vendor.url" value="https://java.oracle.com/"/>
    <property name="user.timezone" value="Asia/Calcutta"/>
    <property name="os.name" value="Windows 11"/>
    <property name="java.vm.specification.version" value="21"/>
    <property name="sun.java.launcher" value="SUN_STANDARD"/>
    <property name="user.country" value="IN"/>
    <property name="sun.boot.library.path" value="C:\Program Files\Java\jdk-21\bin"/>
    <property name="sun.java.command" value="C:\Users\91951\AppData\Local\Temp\surefire16520336675524105945\surefirebooter-20250223205830700_3.jar C:\Users\91951\AppData\Local\Temp\surefire16520336675524105945 2025-02-23T20-58-30_589-jvmRun1 surefire-20250223205830700_1tmp surefire_0-20250223205830700_2tmp"/>
    <property name="jdk.debug" value="release"/>
    <property name="surefire.test.class.path" value="C:\Selenium\GameTwist_UIAutomation\target\test-classes;C:\Selenium\GameTwist_UIAutomation\target\classes;C:\Users\91951\.m2\repository\org\seleniumhq\selenium\selenium-java\4.28.1\selenium-java-4.28.1.jar;C:\Users\91951\.m2\repository\org\seleniumhq\selenium\selenium-api\4.28.1\selenium-api-4.28.1.jar;C:\Users\91951\.m2\repository\org\jspecify\jspecify\1.0.0\jspecify-1.0.0.jar;C:\Users\91951\.m2\repository\org\seleniumhq\selenium\selenium-chrome-driver\4.28.1\selenium-chrome-driver-4.28.1.jar;C:\Users\91951\.m2\repository\com\google\auto\service\auto-service-annotations\1.1.1\auto-service-annotations-1.1.1.jar;C:\Users\91951\.m2\repository\org\seleniumhq\selenium\selenium-chromium-driver\4.28.1\selenium-chromium-driver-4.28.1.jar;C:\Users\91951\.m2\repository\org\seleniumhq\selenium\selenium-json\4.28.1\selenium-json-4.28.1.jar;C:\Users\91951\.m2\repository\org\seleniumhq\selenium\selenium-manager\4.28.1\selenium-manager-4.28.1.jar;C:\Users\91951\.m2\repository\org\seleniumhq\selenium\selenium-devtools-v130\4.28.1\selenium-devtools-v130-4.28.1.jar;C:\Users\91951\.m2\repository\org\seleniumhq\selenium\selenium-devtools-v131\4.28.1\selenium-devtools-v131-4.28.1.jar;C:\Users\91951\.m2\repository\org\seleniumhq\selenium\selenium-devtools-v132\4.28.1\selenium-devtools-v132-4.28.1.jar;C:\Users\91951\.m2\repository\org\seleniumhq\selenium\selenium-devtools-v85\4.28.1\selenium-devtools-v85-4.28.1.jar;C:\Users\91951\.m2\repository\org\seleniumhq\selenium\selenium-edge-driver\4.28.1\selenium-edge-driver-4.28.1.jar;C:\Users\91951\.m2\repository\org\seleniumhq\selenium\selenium-firefox-driver\4.28.1\selenium-firefox-driver-4.28.1.jar;C:\Users\91951\.m2\repository\org\seleniumhq\selenium\selenium-http\4.28.1\selenium-http-4.28.1.jar;C:\Users\91951\.m2\repository\org\seleniumhq\selenium\selenium-ie-driver\4.28.1\selenium-ie-driver-4.28.1.jar;C:\Users\91951\.m2\repository\org\seleniumhq\selenium\selenium-remote-driver\4.28.1\selenium-remote-driver-4.28.1.jar;C:\Users\91951\.m2\repository\com\google\guava\guava\33.4.0-jre\guava-33.4.0-jre.jar;C:\Users\91951\.m2\repository\com\google\guava\failureaccess\1.0.2\failureaccess-1.0.2.jar;C:\Users\91951\.m2\repository\com\google\guava\listenablefuture\9999.0-empty-to-avoid-conflict-with-guava\listenablefuture-9999.0-empty-to-avoid-conflict-with-guava.jar;C:\Users\91951\.m2\repository\com\google\code\findbugs\jsr305\3.0.2\jsr305-3.0.2.jar;C:\Users\91951\.m2\repository\org\checkerframework\checker-qual\3.43.0\checker-qual-3.43.0.jar;C:\Users\91951\.m2\repository\com\google\errorprone\error_prone_annotations\2.36.0\error_prone_annotations-2.36.0.jar;C:\Users\91951\.m2\repository\com\google\j2objc\j2objc-annotations\3.0.0\j2objc-annotations-3.0.0.jar;C:\Users\91951\.m2\repository\io\opentelemetry\semconv\opentelemetry-semconv\1.28.0-alpha\opentelemetry-semconv-1.28.0-alpha.jar;C:\Users\91951\.m2\repository\io\opentelemetry\opentelemetry-api\1.46.0\opentelemetry-api-1.46.0.jar;C:\Users\91951\.m2\repository\io\opentelemetry\opentelemetry-context\1.46.0\opentelemetry-context-1.46.0.jar;C:\Users\91951\.m2\repository\io\opentelemetry\opentelemetry-exporter-logging\1.46.0\opentelemetry-exporter-logging-1.46.0.jar;C:\Users\91951\.m2\repository\io\opentelemetry\opentelemetry-sdk-common\1.46.0\opentelemetry-sdk-common-1.46.0.jar;C:\Users\91951\.m2\repository\io\opentelemetry\opentelemetry-sdk-extension-autoconfigure-spi\1.46.0\opentelemetry-sdk-extension-autoconfigure-spi-1.46.0.jar;C:\Users\91951\.m2\repository\io\opentelemetry\opentelemetry-sdk-extension-autoconfigure\1.46.0\opentelemetry-sdk-extension-autoconfigure-1.46.0.jar;C:\Users\91951\.m2\repository\io\opentelemetry\opentelemetry-api-incubator\1.46.0-alpha\opentelemetry-api-incubator-1.46.0-alpha.jar;C:\Users\91951\.m2\repository\io\opentelemetry\opentelemetry-sdk-trace\1.46.0\opentelemetry-sdk-trace-1.46.0.jar;C:\Users\91951\.m2\repository\io\opentelemetry\opentelemetry-sdk\1.46.0\opentelemetry-sdk-1.46.0.jar;C:\Users\91951\.m2\repository\io\opentelemetry\opentelemetry-sdk-metrics\1.46.0\opentelemetry-sdk-metrics-1.46.0.jar;C:\Users\91951\.m2\repository\io\opentelemetry\opentelemetry-sdk-logs\1.46.0\opentelemetry-sdk-logs-1.46.0.jar;C:\Users\91951\.m2\repository\net\bytebuddy\byte-buddy\1.15.11\byte-buddy-1.15.11.jar;C:\Users\91951\.m2\repository\org\seleniumhq\selenium\selenium-os\4.28.1\selenium-os-4.28.1.jar;C:\Users\91951\.m2\repository\org\apache\commons\commons-exec\1.4.0\commons-exec-1.4.0.jar;C:\Users\91951\.m2\repository\org\seleniumhq\selenium\selenium-safari-driver\4.28.1\selenium-safari-driver-4.28.1.jar;C:\Users\91951\.m2\repository\org\seleniumhq\selenium\selenium-support\4.28.1\selenium-support-4.28.1.jar;C:\Users\91951\.m2\repository\io\cucumber\cucumber-java\7.0.0\cucumber-java-7.0.0.jar;C:\Users\91951\.m2\repository\io\cucumber\cucumber-core\7.0.0\cucumber-core-7.0.0.jar;C:\Users\91951\.m2\repository\io\cucumber\cucumber-gherkin\7.0.0\cucumber-gherkin-7.0.0.jar;C:\Users\91951\.m2\repository\io\cucumber\cucumber-gherkin-messages\7.0.0\cucumber-gherkin-messages-7.0.0.jar;C:\Users\91951\.m2\repository\io\cucumber\messages\17.1.1\messages-17.1.1.jar;C:\Users\91951\.m2\repository\io\cucumber\tag-expressions\4.0.2\tag-expressions-4.0.2.jar;C:\Users\91951\.m2\repository\io\cucumber\cucumber-expressions\13.0.1\cucumber-expressions-13.0.1.jar;C:\Users\91951\.m2\repository\io\cucumber\datatable\7.0.0\datatable-7.0.0.jar;C:\Users\91951\.m2\repository\io\cucumber\cucumber-plugin\7.0.0\cucumber-plugin-7.0.0.jar;C:\Users\91951\.m2\repository\io\cucumber\docstring\7.0.0\docstring-7.0.0.jar;C:\Users\91951\.m2\repository\io\cucumber\html-formatter\17.0.0\html-formatter-17.0.0.jar;C:\Users\91951\.m2\repository\io\cucumber\create-meta\6.0.1\create-meta-6.0.1.jar;C:\Users\91951\.m2\repository\org\apiguardian\apiguardian-api\1.1.2\apiguardian-api-1.1.2.jar;C:\Users\91951\.m2\repository\io\cucumber\cucumber-testng\7.0.0\cucumber-testng-7.0.0.jar;C:\Users\91951\.m2\repository\org\testng\testng\7.4.0\testng-7.4.0.jar;C:\Users\91951\.m2\repository\com\beust\jcommander\1.78\jcommander-1.78.jar;C:\Users\91951\.m2\repository\org\webjars\jquery\3.5.1\jquery-3.5.1.jar;C:\Users\91951\.m2\repository\tech\grasshopper\extentreports-cucumber6-adapter\2.8.0\extentreports-cucumber6-adapter-2.8.0.jar;C:\Users\91951\.m2\repository\com\aventstack\extentreports\5.0.6\extentreports-5.0.6.jar;C:\Users\91951\.m2\repository\io\reactivex\rxjava3\rxjava\3.0.4\rxjava-3.0.4.jar;C:\Users\91951\.m2\repository\org\reactivestreams\reactive-streams\1.0.3\reactive-streams-1.0.3.jar;C:\Users\91951\.m2\repository\org\freemarker\freemarker\2.3.30\freemarker-2.3.30.jar;C:\Users\91951\.m2\repository\org\projectlombok\lombok\1.18.12\lombok-1.18.12.jar;C:\Users\91951\.m2\repository\com\google\code\gson\gson\2.8.6\gson-2.8.6.jar;C:\Users\91951\.m2\repository\tech\grasshopper\extent-pdf-report\1.7.0\extent-pdf-report-1.7.0.jar;C:\Users\91951\.m2\repository\tech\grasshopper\cucumber-pdf-report\2.2.0\cucumber-pdf-report-2.2.0.jar;C:\Users\91951\.m2\repository\org\apache\pdfbox\pdfbox\2.0.22\pdfbox-2.0.22.jar;C:\Users\91951\.m2\repository\org\apache\pdfbox\fontbox\2.0.22\fontbox-2.0.22.jar;C:\Users\91951\.m2\repository\org\knowm\xchart\xchart\3.8.0\xchart-3.8.0.jar;C:\Users\91951\.m2\repository\de\erichseifert\vectorgraphics2d\VectorGraphics2D\0.13\VectorGraphics2D-0.13.jar;C:\Users\91951\.m2\repository\de\rototor\pdfbox\graphics2d\0.30\graphics2d-0.30.jar;C:\Users\91951\.m2\repository\com\madgag\animated-gif-lib\1.4\animated-gif-lib-1.4.jar;C:\Users\91951\.m2\repository\org\yaml\snakeyaml\1.28\snakeyaml-1.28.jar;C:\Users\91951\.m2\repository\tech\grasshopper\table-layout\1.2.0\table-layout-1.2.0.jar;C:\Users\91951\.m2\repository\org\jsoup\jsoup\1.13.1\jsoup-1.13.1.jar;C:\Users\91951\.m2\repository\com\aventstack\klov-reporter\5.0.6\klov-reporter-5.0.6.jar;C:\Users\91951\.m2\repository\org\mongodb\bson\3.6.4\bson-3.6.4.jar;C:\Users\91951\.m2\repository\org\apache\httpcomponents\httpclient\4.5.2\httpclient-4.5.2.jar;C:\Users\91951\.m2\repository\org\apache\httpcomponents\httpcore\4.4.4\httpcore-4.4.4.jar;C:\Users\91951\.m2\repository\commons-logging\commons-logging\1.2\commons-logging-1.2.jar;C:\Users\91951\.m2\repository\commons-codec\commons-codec\1.9\commons-codec-1.9.jar;C:\Users\91951\.m2\repository\org\apache\httpcomponents\httpmime\4.5.2\httpmime-4.5.2.jar;C:\Users\91951\.m2\repository\org\mongodb\mongodb-driver\3.3.0\mongodb-driver-3.3.0.jar;C:\Users\91951\.m2\repository\org\mongodb\mongodb-driver-core\3.3.0\mongodb-driver-core-3.3.0.jar;C:\Users\91951\.m2\repository\io\cucumber\cucumber-picocontainer\7.0.0\cucumber-picocontainer-7.0.0.jar;C:\Users\91951\.m2\repository\org\picocontainer\picocontainer\2.15\picocontainer-2.15.jar;"/>
    <property name="sun.cpu.endian" value="little"/>
    <property name="user.home" value="C:\Users\91951"/>
    <property name="user.language" value="en"/>
    <property name="java.specification.vendor" value="Oracle Corporation"/>
    <property name="java.version.date" value="2024-04-16"/>
    <property name="java.home" value="C:\Program Files\Java\jdk-21"/>
    <property name="file.separator" value="\"/>
    <property name="basedir" value="C:\Selenium\GameTwist_UIAutomation"/>
    <property name="style.color" value="always"/>
    <property name="java.vm.compressedOopsMode" value="32-bit"/>
    <property name="line.separator" value="&#10;"/>
    <property name="java.vm.specification.vendor" value="Oracle Corporation"/>
    <property name="java.specification.name" value="Java Platform API Specification"/>
    <property name="surefire.real.class.path" value="C:\Users\91951\AppData\Local\Temp\surefire16520336675524105945\surefirebooter-20250223205830700_3.jar"/>
    <property name="user.script" value=""/>
    <property name="sun.management.compiler" value="HotSpot 64-Bit Tiered Compilers"/>
    <property name="java.runtime.version" value="21.0.3+7-LTS-152"/>
    <property name="user.name" value="91951"/>
    <property name="stdout.encoding" value="Cp1252"/>
    <property name="path.separator" value=";"/>
    <property name="os.version" value="10.0"/>
    <property name="java.runtime.name" value="Java(TM) SE Runtime Environment"/>
    <property name="file.encoding" value="UTF-8"/>
    <property name="java.vm.name" value="Java HotSpot(TM) 64-Bit Server VM"/>
    <property name="localRepository" value="C:\Users\91951\.m2\repository"/>
    <property name="java.vendor.url.bug" value="https://bugreport.java.com/bugreport/"/>
    <property name="java.io.tmpdir" value="C:\Users\91951\AppData\Local\Temp\"/>
    <property name="java.version" value="21.0.3"/>
    <property name="user.dir" value="C:\Selenium\GameTwist_UIAutomation"/>
    <property name="os.arch" value="amd64"/>
    <property name="java.vm.specification.name" value="Java Virtual Machine Specification"/>
    <property name="sun.os.patch.level" value=""/>
    <property name="native.encoding" value="Cp1252"/>
    <property name="java.library.path" value="C:\Program Files\Java\jdk-21\bin;C:\WINDOWS\Sun\Java\bin;C:\WINDOWS\system32;C:\WINDOWS;C:/Users/91951/.p2/pool/plugins/org.eclipse.justj.openjdk.hotspot.jre.full.win32.x86_64_16.0.1.v20210528-1205/jre/bin/server;C:/Users/91951/.p2/pool/plugins/org.eclipse.justj.openjdk.hotspot.jre.full.win32.x86_64_16.0.1.v20210528-1205/jre/bin;C:\Program Files\Java\jdk-21\bin;C:\Program Files\apache-maven-3.9.8\bin;C:\Program Files\Git\bin;C:\Program Files\Git\cmd;;%SystemRoot%\system32;%SystemRoot%;%SystemRoot%\System32\Wbem;%SYSTEMROOT%\System32\WindowsPowerShell\v1.0\;%SYSTEMROOT%\System32\OpenSSH\;C:\Program Files\MySQL\MySQL Shell 8.0\bin\;C:\Users\91951\AppData\Local\Microsoft\WindowsApps;C:\Users\91951\.dotnet\tools;C:\Program Files\JetBrains\PyCharm Community Edition 2023.3.2\bin;;C:\Users\91951\AppData\Local\Programs\Python\Python39\Scripts;C:\Program Files\Java\jdk1.8.0_291\bin;;C:\WINDOWS\system32;;."/>
    <property name="java.vm.info" value="mixed mode, sharing"/>
    <property name="stderr.encoding" value="Cp1252"/>
    <property name="java.vendor" value="Oracle Corporation"/>
    <property name="java.vm.version" value="21.0.3+7-LTS-152"/>
    <property name="sun.io.unicode.encoding" value="UnicodeLittle"/>
    <property name="java.class.version" value="65.0"/>
  </properties>
  <testcase name="setUpClass[org.testng.TestRunner@2cd76f31](0)" classname="testrunners.TestNGTestRunner" time="0.302">
    <failure message="java.lang.NoClassDefFoundError: io/cucumber/messages/internal/com/google/protobuf/GeneratedMessageV3" type="io.cucumber.core.exception.CucumberException"><![CDATA[io.cucumber.core.exception.CucumberException: java.lang.NoClassDefFoundError: io/cucumber/messages/internal/com/google/protobuf/GeneratedMessageV3
	at io.cucumber.core.plugin.PluginFactory.newInstance(PluginFactory.java:120)
	at io.cucumber.core.plugin.PluginFactory.instantiate(PluginFactory.java:99)
	at io.cucumber.core.plugin.PluginFactory.create(PluginFactory.java:63)
	at io.cucumber.core.plugin.Plugins.createPlugins(Plugins.java:32)
	at io.cucumber.core.plugin.Plugins.<init>(Plugins.java:25)
	at io.cucumber.testng.TestNGCucumberRunner.<init>(TestNGCucumberRunner.java:108)
	at io.cucumber.testng.AbstractTestNGCucumberTests.setUpClass(AbstractTestNGCucumberTests.java:27)
	at java.base/jdk.internal.reflect.DirectMethodHandleAccessor.invoke(DirectMethodHandleAccessor.java:103)
	at java.base/java.lang.reflect.Method.invoke(Method.java:580)
	at org.testng.internal.MethodInvocationHelper.invokeMethod(MethodInvocationHelper.java:133)
	at org.testng.internal.MethodInvocationHelper.invokeMethodConsideringTimeout(MethodInvocationHelper.java:62)
	at org.testng.internal.ConfigInvoker.invokeConfigurationMethod(ConfigInvoker.java:385)
	at org.testng.internal.ConfigInvoker.invokeConfigurations(ConfigInvoker.java:321)
	at org.testng.internal.TestMethodWorker.invokeBeforeClassMethods(TestMethodWorker.java:176)
	at org.testng.internal.TestMethodWorker.run(TestMethodWorker.java:122)
	at java.base/java.util.ArrayList.forEach(ArrayList.java:1596)
	at org.testng.TestRunner.privateRun(TestRunner.java:794)
	at org.testng.TestRunner.run(TestRunner.java:596)
	at org.testng.SuiteRunner.runTest(SuiteRunner.java:377)
	at org.testng.SuiteRunner.runSequentially(SuiteRunner.java:371)
	at org.testng.SuiteRunner.privateRun(SuiteRunner.java:332)
	at org.testng.SuiteRunner.run(SuiteRunner.java:276)
	at org.testng.SuiteRunnerWorker.runSuite(SuiteRunnerWorker.java:53)
	at org.testng.SuiteRunnerWorker.run(SuiteRunnerWorker.java:96)
	at org.testng.TestNG.runSuitesSequentially(TestNG.java:1212)
	at org.testng.TestNG.runSuitesLocally(TestNG.java:1134)
	at org.testng.TestNG.runSuites(TestNG.java:1063)
	at org.testng.TestNG.run(TestNG.java:1031)
	at org.apache.maven.surefire.testng.TestNGExecutor.run(TestNGExecutor.java:155)
	at org.apache.maven.surefire.testng.TestNGDirectoryTestSuite.executeSingleClass(TestNGDirectoryTestSuite.java:102)
	at org.apache.maven.surefire.testng.TestNGDirectoryTestSuite.execute(TestNGDirectoryTestSuite.java:91)
	at org.apache.maven.surefire.testng.TestNGProvider.invoke(TestNGProvider.java:137)
	at org.apache.maven.surefire.booter.ForkedBooter.runSuitesInProcess(ForkedBooter.java:385)
	at org.apache.maven.surefire.booter.ForkedBooter.execute(ForkedBooter.java:162)
	at org.apache.maven.surefire.booter.ForkedBooter.run(ForkedBooter.java:507)
	at org.apache.maven.surefire.booter.ForkedBooter.main(ForkedBooter.java:495)
Caused by: java.lang.NoClassDefFoundError: io/cucumber/messages/internal/com/google/protobuf/GeneratedMessageV3
	at com.aventstack.extentreports.cucumber.adapter.ExtentCucumberAdapter.<init>(ExtentCucumberAdapter.java:91)
	at java.base/jdk.internal.reflect.DirectConstructorHandleAccessor.newInstance(DirectConstructorHandleAccessor.java:62)
	at java.base/java.lang.reflect.Constructor.newInstanceWithCaller(Constructor.java:502)
	at java.base/java.lang.reflect.Constructor.newInstance(Constructor.java:486)
	at io.cucumber.core.plugin.PluginFactory.newInstance(PluginFactory.java:116)
	... 35 more
Caused by: java.lang.ClassNotFoundException: io.cucumber.messages.internal.com.google.protobuf.GeneratedMessageV3
	at java.base/jdk.internal.loader.BuiltinClassLoader.loadClass(BuiltinClassLoader.java:641)
	at java.base/jdk.internal.loader.ClassLoaders$AppClassLoader.loadClass(ClassLoaders.java:188)
	at java.base/java.lang.ClassLoader.loadClass(ClassLoader.java:526)
	... 40 more
]]></failure>
  </testcase>
</testsuite>